This is pdfTeX, Version 3.1415926-2.5-1.40.14 (TeX Live 2013/Debian) (format=pdflatex 2015.3.15)  25 AUG 2015 10:43
entering extended mode
 restricted \write18 enabled.
 %&-line parsing enabled.
**template-report.tex
(./template-report.tex
LaTeX2e <2011/06/27>
Babel <3.9h> and hyphenation patterns for 4 languages loaded.
(/usr/share/texlive/texmf-dist/tex/latex/memoir/memoir.cls
Document Class: memoir 2013/05/30 v3.7b configurable book, report, article docu
ment class
\onelineskip=\skip41
\lxvchars=\skip42
\xlvchars=\skip43
\@memcnta=\count79
\c@@memmarkcntra=\count80
(/usr/share/texlive/texmf-dist/tex/generic/oberdiek/ifpdf.sty
Package: ifpdf 2011/01/30 v2.3 Provides the ifpdf switch (HO)
Package ifpdf Info: pdfTeX in PDF mode is detected.
)
Class memoir Info: An `ifetex' package is being emulated on input line 265.

(/usr/share/texlive/texmf-dist/tex/generic/ifxetex/ifxetex.sty
Package: ifxetex 2010/09/12 v0.6 Provides ifxetex conditional
)
(/usr/share/texlive/texmf-dist/tex/generic/oberdiek/ifluatex.sty
Package: ifluatex 2010/03/01 v1.3 Provides the ifluatex switch (HO)
Package ifluatex Info: LuaTeX not detected.
)
\stockheight=\skip44
\stockwidth=\skip45
\trimtop=\skip46
\trimedge=\skip47

(/usr/share/texlive/texmf-dist/tex/latex/etex-pkg/etex.sty
Package: etex 1998/03/26 v2.0 eTeX basic definition package (PEB)
\et@xins=\count81
)
(/usr/share/texlive/texmf-dist/tex/latex/memoir/mem12.clo
File: mem12.clo 2010/10/19 v0.4b memoir class 12pt size option
)
\binding=\skip48
\spinemargin=\skip49
\foremargin=\skip50
\uppermargin=\skip51
\lowermargin=\skip52
\headdrop=\skip53
\normalrulethickness=\skip54
\mem@maxheadheight=\skip55
\mem@maxfootheight=\skip56
\headwidth=\skip57
\c@storedpagenumber=\count82
\memPD=\dimen102
\m@mabparskip=\skip58
\thanksmarkwidth=\skip59
\thanksmarksep=\skip60
\droptitle=\skip61
\c@book=\count83
\c@part=\count84
\c@chapter=\count85
\c@section=\count86
\c@subsection=\count87
\c@subsubsection=\count88
\c@paragraph=\count89
\c@subparagraph=\count90
\beforechapskip=\skip62
\midchapskip=\skip63
\afterchapskip=\skip64
\chapindent=\skip65
\bottomsectionskip=\skip66
\secindent=\skip67
\beforesecskip=\skip68
\aftersecskip=\skip69
\subsecindent=\skip70
\beforesubsecskip=\skip71
\aftersubsecskip=\skip72
\subsubsecindent=\skip73
\beforesubsubsecskip=\skip74
\aftersubsubsecskip=\skip75
\paraindent=\skip76
\beforeparaskip=\skip77
\afterparaskip=\skip78
\subparaindent=\skip79
\beforesubparaskip=\skip80
\aftersubparaskip=\skip81
\pfbreakskip=\skip82
\c@@ppsavesec=\count91
\c@@ppsaveapp=\count92
\ragrparindent=\dimen103
\everylistparindent=\dimen104
\parsepi=\skip83
\topsepi=\skip84
\itemsepi=\skip85
\parsepii=\skip86
\topsepii=\skip87
\topsepiii=\skip88
\itemsepii=\skip89
\itemsepiii=\skip90
\partopsepii=\skip91
\partopsepiii=\skip92
\m@msavetopsep=\skip93
\m@msavepartopsep=\skip94
\@enLab=\toks14
\abstitleskip=\skip95
\absleftindent=\skip96
\abs@leftindent=\dimen105
\absrightindent=\skip97
\absparindent=\skip98
\absparsep=\skip99
\c@vslineno=\count93
\c@poemline=\count94
\c@modulo@vs=\count95
\c@memfvsline=\count96
\vleftskip=\skip100
\vrightskip=\skip101
\stanzaskip=\skip102
\versewidth=\skip103
\vgap=\skip104
\vindent=\skip105
\vleftmargin=\dimen106
\c@verse=\count97
\c@chrsinstr=\count98
\beforepoemtitleskip=\skip106
\afterpoemtitleskip=\skip107
\c@poem=\count99
\beforePoemTitleskip=\skip108
\midPoemTitleskip=\skip109
\afterPoemTitleskip=\skip110
\col@sep=\dimen107
\extrarowheight=\dimen108
\NC@list=\toks15
\extratabsurround=\skip111
\backup@length=\skip112
\TX@col@width=\dimen109
\TX@old@table=\dimen110
\TX@old@col=\dimen111
\TX@target=\dimen112
\TX@delta=\dimen113
\TX@cols=\count100
\TX@ftn=\toks16
\heavyrulewidth=\dimen114
\lightrulewidth=\dimen115
\cmidrulewidth=\dimen116
\belowrulesep=\dimen117
\belowbottomsep=\dimen118
\aboverulesep=\dimen119
\abovetopsep=\dimen120
\cmidrulesep=\dimen121
\cmidrulekern=\dimen122
\defaultaddspace=\dimen123
\@cmidla=\count101
\@cmidlb=\count102
\@aboverulesep=\dimen124
\@belowrulesep=\dimen125
\@thisruleclass=\count103
\@lastruleclass=\count104
\@thisrulewidth=\dimen126
\ctableftskip=\skip113
\ctabrightskip=\skip114
\abovecolumnspenalty=\count105
\@linestogo=\count106
\@cellstogo=\count107
\@cellsincolumn=\count108
\crtok=\toks17
\@mincolumnwidth=\dimen127
\c@newflo@tctr=\count109
\mem@margin@floatbox=\box26
\@contcwidth=\skip115
\@contindw=\skip116
\abovecaptionskip=\skip117
\belowcaptionskip=\skip118
\subfloattopskip=\skip119
\subfloatcapskip=\skip120
\subfloatcaptopadj=\skip121
\subfloatbottomskip=\skip122
\subfloatlabelskip=\skip123
\subfloatcapmargin=\dimen128
\c@@contsubnum=\count110
\m@mscap@capbox=\box27
\m@mscap@fbox=\box28
\sidecapsep=\dimen129
\sidecapwidth=\dimen130
\m@m@tempdima=\dimen131
\m@mscapraise=\dimen132
\sidecapraise=\dimen133
\m@mscapmainwidth=\dimen134
\m@mscaplkern=\dimen135
\beforeepigraphskip=\skip124
\afterepigraphskip=\skip125
\epigraphwidth=\skip126
\epigraphrule=\skip127
LaTeX Info: Redefining \em on input line 7492.
LaTeX Info: Redefining \emph on input line 7500.
\tocentryskip=\skip128
\tocbaseline=\skip129
\cftparskip=\skip130
\cftbeforebookskip=\skip131
\cftbookindent=\dimen136
\cftbooknumwidth=\dimen137
\cftbeforepartskip=\skip132
\cftpartindent=\skip133
\cftpartnumwidth=\skip134
\cftbeforechapterskip=\skip135
\cftchapterindent=\skip136
\cftchapternumwidth=\skip137
\cftbeforesectionskip=\skip138
\cftsectionindent=\skip139
\cftsectionnumwidth=\skip140
\cftbeforesubsectionskip=\skip141
\cftsubsectionindent=\skip142
\cftsubsectionnumwidth=\skip143
\cftbeforesubsubsectionskip=\skip144
\cftsubsubsectionindent=\skip145
\cftsubsubsectionnumwidth=\skip146
\cftbeforeparagraphskip=\skip147
\cftparagraphindent=\skip148
\cftparagraphnumwidth=\skip149
\cftbeforesubparagraphskip=\skip150
\cftsubparagraphindent=\skip151
\cftsubparagraphnumwidth=\skip152
\prechapterprecisshift=\dimen138
\c@maxsecnumdepth=\count111
\bibindent=\dimen139
\bibitemsep=\skip153
\indexcolsep=\skip154
\indexrule=\skip155
\indexmarkstyle=\toks18
\@indexbox=\insert233
\glossarycolsep=\dimen140
\glossaryrule=\dimen141
\sideparvshift=\skip156
\sideins=\insert232
\sidebartopsep=\skip157
\sidebarhsep=\skip158
\sidebarvsep=\skip159
\sidebarwidth=\skip160
\footmarkwidth=\skip161
\footmarksep=\skip162
\footparindent=\skip163
\footinsdim=\skip164
\footinsv@r=\insert231
\@mpfootinsv@r=\insert230
\m@m@k=\count112
\m@m@h=\dimen142
\m@mipn@skip=\skip165
\sidefootins=\insert229
\sidefootadjust=\skip166
\sidefootheight=\skip167
\sidefoothsep=\skip168
\sidefootvsep=\skip169
\sidefootwidth=\skip170
\m@mdownsf=\skip171
\c@sidefootnote=\count113
\sidefootmarkwidth=\skip172
\sidefootmarksep=\skip173
\sidefootparindent=\skip174
\c@pagenote=\count114
\c@pagenoteshadow=\count115
\mem@pn@lastkern=\skip175
\every@verbatim=\toks19
\afterevery@verbatim=\toks20
\verbatim@line=\toks21
\tab@position=\count116
\verbatim@in@stream=\read1
\verbatimindent=\skip176
\verbatim@out=\write3
\bvboxsep=\skip177
\c@memfbvline=\count117
\c@bvlinectr=\count118
\bvnumlength=\skip178
\fb@frw=\dimen143
\fb@frh=\dimen144
\FrameRule=\dimen145
\FrameSep=\dimen146
\c@cp@cntr=\count119
LaTeX Info: Redefining \: on input line 11958.
LaTeX Info: Redefining \! on input line 11960.
\c@ism@mctr=\count120
\c@xsm@mctr=\count121
\c@csm@mctr=\count122
\c@ksm@mctr=\count123
\c@xksm@mctr=\count124
\c@cksm@mctr=\count125
\c@msm@mctr=\count126
\c@xmsm@mctr=\count127
\c@cmsm@mctr=\count128
\c@bsm@mctr=\count129
\c@workm@mctr=\count130
\c@sheetsequence=\count131
\c@lastsheet=\count132
\c@lastpage=\count133
\c@figure=\count134
\c@lofdepth=\count135
\cftbeforefigureskip=\skip179
\cftfigureindent=\skip180
\cftfigurenumwidth=\skip181
\c@table=\count136
\c@lotdepth=\count137
\cftbeforetableskip=\skip182
\cfttableindent=\skip183
\cfttablenumwidth=\skip184
Package abstract [2008/07/23] emulated by memoir.
Package appendix [2008/07/23] emulated by memoir.
Package array [2008/09/09] emulated by memoir.
Package booktabs [2008/07/23] emulated by memoir.
Package ccaption [2008/07/23] emulated by memoir.
Package changepage [2008/07/23] emulated by memoir.
Package chngcntr [2008/07/23] emulated by memoir.
Package chngpage [2008/07/23] emulated by memoir.
Package crop emulated by memoir.
Package dcolumn [2008/07/23] emulated by memoir.
Package delarray [2008/07/23] emulated by memoir.
Package enumerate [2008/07/23] emulated by memoir.
Package epigraph [2008/07/23] emulated by memoir.
Package ifmtarg [2008/07/23] emulated by memoir.
Package ifetex [2008/07/23] emulated by memoir.
Package index [2008/07/23] emulated by memoir.
Package makeidx [2008/07/23] emulated by memoir.
Package moreverb [2008/07/23] emulated by memoir.
Package mparhack [2008/07/23] emulated by memoir.
Package needspace [2008/07/23] emulated by memoir.
Package newfile [2008/07/23] emulated by memoir.
Package nextpage [2008/07/23] emulated by memoir.
Package pagenote [2008/07/23] emulated by memoir.
Package parskip [2008/07/23] emulated by memoir.
Package patchcmd [2008/07/23] emulated by memoir.
Package setspace [2008/07/23] emulated by memoir.
Package shortvrb [2008/07/23] emulated by memoir.
Package showidx [2008/07/23] emulated by memoir.
Package tabularx [2008/07/23] emulated by memoir.
Package titleref [2008/07/23] emulated by memoir.
Package titling [2008/07/23] emulated by memoir.
Package tocbibind [2008/07/23] emulated by memoir.
Package tocloft [2008/07/23] emulated by memoir.
Package tocvsec2 [2008/07/23] emulated by memoir.
Package verbatim [2008/07/23] emulated by memoir.
Package verse [2008/07/23] emulated by memoir.

(/usr/share/texlive/texmf-dist/tex/latex/memoir/mempatch.sty
Package: mempatch 2009/07/24 v6.0f Patches for memoir class v1.6180339
))
(/usr/share/texlive/texmf-dist/tex/generic/babel/babel.sty
Package: babel 2013/12/03 3.9h The Babel package

(/usr/share/texlive/texmf-dist/tex/generic/babel-english/english.ldf
Language: english 2012/08/20 v3.3p English support from the babel system

(/usr/share/texlive/texmf-dist/tex/generic/babel/babel.def
File: babel.def 2013/12/03 3.9h Babel common definitions
\babel@savecnt=\count138
\U@D=\dimen147
)
\l@canadian = a dialect from \language\l@american 
\l@australian = a dialect from \language\l@british 
\l@newzealand = a dialect from \language\l@british 
))
(/usr/share/texlive/texmf-dist/tex/latex/geometry/geometry.sty
Package: geometry 2010/09/12 v5.6 Page Geometry

(/usr/share/texlive/texmf-dist/tex/latex/graphics/keyval.sty
Package: keyval 1999/03/16 v1.13 key=value parser (DPC)
\KV@toks@=\toks22
)
(/usr/share/texlive/texmf-dist/tex/generic/oberdiek/ifvtex.sty
Package: ifvtex 2010/03/01 v1.5 Detect VTeX and its facilities (HO)
Package ifvtex Info: VTeX not detected.
)
\Gm@cnth=\count139
\Gm@cntv=\count140
\c@Gm@tempcnt=\count141
\Gm@bindingoffset=\dimen148
\Gm@wd@mp=\dimen149
\Gm@odd@mp=\dimen150
\Gm@even@mp=\dimen151
\Gm@layoutwidth=\dimen152
\Gm@layoutheight=\dimen153
\Gm@layouthoffset=\dimen154
\Gm@layoutvoffset=\dimen155
\Gm@dimlist=\toks23
)
(/usr/share/texlive/texmf-dist/tex/latex/graphics/graphicx.sty
Package: graphicx 1999/02/16 v1.0f Enhanced LaTeX Graphics (DPC,SPQR)

(/usr/share/texlive/texmf-dist/tex/latex/graphics/graphics.sty
Package: graphics 2009/02/05 v1.0o Standard LaTeX Graphics (DPC,SPQR)

(/usr/share/texlive/texmf-dist/tex/latex/graphics/trig.sty
Package: trig 1999/03/16 v1.09 sin cos tan (DPC)
)
(/usr/share/texlive/texmf-dist/tex/latex/latexconfig/graphics.cfg
File: graphics.cfg 2010/04/23 v1.9 graphics configuration of TeX Live
)
Package graphics Info: Driver file: pdftex.def on input line 91.

(/usr/share/texlive/texmf-dist/tex/latex/pdftex-def/pdftex.def
File: pdftex.def 2011/05/27 v0.06d Graphics/color for pdfTeX

(/usr/share/texlive/texmf-dist/tex/generic/oberdiek/infwarerr.sty
Package: infwarerr 2010/04/08 v1.3 Providing info/warning/error messages (HO)
)
(/usr/share/texlive/texmf-dist/tex/generic/oberdiek/ltxcmds.sty
Package: ltxcmds 2011/11/09 v1.22 LaTeX kernel commands for general use (HO)
)
\Gread@gobject=\count142
))
\Gin@req@height=\dimen156
\Gin@req@width=\dimen157
)
(/usr/share/texlive/texmf-dist/tex/latex/amsmath/amsmath.sty
Package: amsmath 2013/01/14 v2.14 AMS math features
\@mathmargin=\skip185

For additional information on amsmath, use the `?' option.
(/usr/share/texlive/texmf-dist/tex/latex/amsmath/amstext.sty
Package: amstext 2000/06/29 v2.01

(/usr/share/texlive/texmf-dist/tex/latex/amsmath/amsgen.sty
File: amsgen.sty 1999/11/30 v2.0
\@emptytoks=\toks24
\ex@=\dimen158
))
(/usr/share/texlive/texmf-dist/tex/latex/amsmath/amsbsy.sty
Package: amsbsy 1999/11/29 v1.2d
\pmbraise@=\dimen159
)
(/usr/share/texlive/texmf-dist/tex/latex/amsmath/amsopn.sty
Package: amsopn 1999/12/14 v2.01 operator names
)
\inf@bad=\count143
LaTeX Info: Redefining \frac on input line 210.
\uproot@=\count144
\leftroot@=\count145
LaTeX Info: Redefining \overline on input line 306.
\classnum@=\count146
\DOTSCASE@=\count147
LaTeX Info: Redefining \ldots on input line 378.
LaTeX Info: Redefining \dots on input line 381.
LaTeX Info: Redefining \cdots on input line 466.
\Mathstrutbox@=\box29
\strutbox@=\box30
\big@size=\dimen160
LaTeX Font Info:    Redeclaring font encoding OML on input line 566.
LaTeX Font Info:    Redeclaring font encoding OMS on input line 567.
\macc@depth=\count148
\c@MaxMatrixCols=\count149
\dotsspace@=\muskip10
\c@parentequation=\count150
\dspbrk@lvl=\count151
\tag@help=\toks25
\row@=\count152
\column@=\count153
\maxfields@=\count154
\andhelp@=\toks26
\eqnshift@=\dimen161
\alignsep@=\dimen162
\tagshift@=\dimen163
\tagwidth@=\dimen164
\totwidth@=\dimen165
\lineht@=\dimen166
\@envbody=\toks27
\multlinegap=\skip186
\multlinetaggap=\skip187
\mathdisplay@stack=\toks28
LaTeX Info: Redefining \[ on input line 2665.
LaTeX Info: Redefining \] on input line 2666.
)
(/usr/share/texlive/texmf-dist/tex/latex/preprint/fullpage.sty
Package: fullpage 1999/02/23 1.1 (PWD)
\FP@margin=\skip188
)
(/usr/share/texlive/texmf-dist/tex/latex/psnfss/mathptmx.sty
Package: mathptmx 2005/04/12 PSNFSS-v9.2a Times w/ Math, improved (SPQR, WaS) 
LaTeX Font Info:    Redeclaring symbol font `operators' on input line 28.
LaTeX Font Info:    Overwriting symbol font `operators' in version `normal'
(Font)                  OT1/cmr/m/n --> OT1/ztmcm/m/n on input line 28.
LaTeX Font Info:    Overwriting symbol font `operators' in version `bold'
(Font)                  OT1/cmr/bx/n --> OT1/ztmcm/m/n on input line 28.
LaTeX Font Info:    Redeclaring symbol font `letters' on input line 29.
LaTeX Font Info:    Overwriting symbol font `letters' in version `normal'
(Font)                  OML/cmm/m/it --> OML/ztmcm/m/it on input line 29.
LaTeX Font Info:    Overwriting symbol font `letters' in version `bold'
(Font)                  OML/cmm/b/it --> OML/ztmcm/m/it on input line 29.
LaTeX Font Info:    Redeclaring symbol font `symbols' on input line 30.
LaTeX Font Info:    Overwriting symbol font `symbols' in version `normal'
(Font)                  OMS/cmsy/m/n --> OMS/ztmcm/m/n on input line 30.
LaTeX Font Info:    Overwriting symbol font `symbols' in version `bold'
(Font)                  OMS/cmsy/b/n --> OMS/ztmcm/m/n on input line 30.
LaTeX Font Info:    Redeclaring symbol font `largesymbols' on input line 31.
LaTeX Font Info:    Overwriting symbol font `largesymbols' in version `normal'
(Font)                  OMX/cmex/m/n --> OMX/ztmcm/m/n on input line 31.
LaTeX Font Info:    Overwriting symbol font `largesymbols' in version `bold'
(Font)                  OMX/cmex/m/n --> OMX/ztmcm/m/n on input line 31.
\symbold=\mathgroup4
\symitalic=\mathgroup5
LaTeX Font Info:    Redeclaring math alphabet \mathbf on input line 34.
LaTeX Font Info:    Overwriting math alphabet `\mathbf' in version `normal'
(Font)                  OT1/cmr/bx/n --> OT1/ptm/bx/n on input line 34.
LaTeX Font Info:    Overwriting math alphabet `\mathbf' in version `bold'
(Font)                  OT1/cmr/bx/n --> OT1/ptm/bx/n on input line 34.
LaTeX Font Info:    Redeclaring math alphabet \mathit on input line 35.
LaTeX Font Info:    Overwriting math alphabet `\mathit' in version `normal'
(Font)                  OT1/cmr/m/it --> OT1/ptm/m/it on input line 35.
LaTeX Font Info:    Overwriting math alphabet `\mathit' in version `bold'
(Font)                  OT1/cmr/bx/it --> OT1/ptm/m/it on input line 35.
LaTeX Info: Redefining \hbar on input line 50.
)
(/usr/share/texlive/texmf-dist/tex/latex/psnfss/helvet.sty
Package: helvet 2005/04/12 PSNFSS-v9.2a (WaS) 
)
(/usr/share/texlive/texmf-dist/tex/latex/base/inputenc.sty
Package: inputenc 2008/03/30 v1.1d Input encoding file
\inpenc@prehook=\toks29
\inpenc@posthook=\toks30

(/usr/share/texlive/texmf-dist/tex/latex/base/latin1.def
File: latin1.def 2008/03/30 v1.1d Input encoding file
))
(/usr/share/texlive/texmf-dist/tex/latex/relsize/relsize.sty
Package: relsize 2013/03/29 ver 4.1
)
(/usr/share/texlive/texmf-dist/tex/latex/algorithms/algorithm.sty
Package: algorithm 2009/08/24 v0.1 Document Style `algorithm' - floating enviro
nment

(/usr/share/texlive/texmf-dist/tex/latex/float/float.sty
Package: float 2001/11/08 v1.3d Float enhancements (AL)
\c@float@type=\count155
\float@exts=\toks31
\float@box=\box31
\@float@everytoks=\toks32
\@floatcapt=\box32
)
(/usr/share/texlive/texmf-dist/tex/latex/base/ifthen.sty
Package: ifthen 2001/05/26 v1.1c Standard LaTeX ifthen package (DPC)
)
\@float@every@algorithm=\toks33
\c@algorithm=\count156
)
(/usr/share/texlive/texmf-dist/tex/latex/algorithmicx/algpseudocode.sty
Package: algpseudocode 

(/usr/share/texlive/texmf-dist/tex/latex/algorithmicx/algorithmicx.sty
Package: algorithmicx 2005/04/27 v1.2 Algorithmicx

Document Style algorithmicx 1.2 - a greatly improved `algorithmic' style
\c@ALG@line=\count157
\c@ALG@rem=\count158
\c@ALG@nested=\count159
\ALG@tlm=\skip189
\ALG@thistlm=\skip190
\c@ALG@Lnr=\count160
\c@ALG@blocknr=\count161
\c@ALG@storecount=\count162
\c@ALG@tmpcounter=\count163
\ALG@tmplength=\skip191
)
Document Style - pseudocode environments for use with the `algorithmicx' style
) (/usr/share/texlive/texmf-dist/tex/latex/hyperref/hyperref.sty
Package: hyperref 2012/11/06 v6.83m Hypertext links for LaTeX

(/usr/share/texlive/texmf-dist/tex/generic/oberdiek/hobsub-hyperref.sty
Package: hobsub-hyperref 2012/05/28 v1.13 Bundle oberdiek, subset hyperref (HO)


(/usr/share/texlive/texmf-dist/tex/generic/oberdiek/hobsub-generic.sty
Package: hobsub-generic 2012/05/28 v1.13 Bundle oberdiek, subset generic (HO)
Package: hobsub 2012/05/28 v1.13 Construct package bundles (HO)
Package hobsub Info: Skipping package `infwarerr' (already loaded).
Package hobsub Info: Skipping package `ltxcmds' (already loaded).
Package hobsub Info: Skipping package `ifluatex' (already loaded).
Package hobsub Info: Skipping package `ifvtex' (already loaded).
Package: intcalc 2007/09/27 v1.1 Expandable calculations with integers (HO)
Package hobsub Info: Skipping package `ifpdf' (already loaded).
Package: etexcmds 2011/02/16 v1.5 Avoid name clashes with e-TeX commands (HO)
Package etexcmds Info: Could not find \expanded.
(etexcmds)             That can mean that you are not using pdfTeX 1.50 or
(etexcmds)             that some package has redefined \expanded.
(etexcmds)             In the latter case, load this package earlier.
Package: kvsetkeys 2012/04/25 v1.16 Key value parser (HO)
Package: kvdefinekeys 2011/04/07 v1.3 Define keys (HO)
Package: pdftexcmds 2011/11/29 v0.20 Utility functions of pdfTeX for LuaTeX (HO
)
Package pdftexcmds Info: LuaTeX not detected.
Package pdftexcmds Info: \pdf@primitive is available.
Package pdftexcmds Info: \pdf@ifprimitive is available.
Package pdftexcmds Info: \pdfdraftmode found.
Package: pdfescape 2011/11/25 v1.13 Implements pdfTeX's escape features (HO)
Package: bigintcalc 2012/04/08 v1.3 Expandable calculations on big integers (HO
)
Package: bitset 2011/01/30 v1.1 Handle bit-vector datatype (HO)
Package: uniquecounter 2011/01/30 v1.2 Provide unlimited unique counter (HO)
)
Package hobsub Info: Skipping package `hobsub' (already loaded).
Package: letltxmacro 2010/09/02 v1.4 Let assignment for LaTeX macros (HO)
Package: hopatch 2012/05/28 v1.2 Wrapper for package hooks (HO)
Package: xcolor-patch 2011/01/30 xcolor patch
Package: atveryend 2011/06/30 v1.8 Hooks at the very end of document (HO)
Package atveryend Info: \enddocument detected (standard20110627).
Package: atbegshi 2011/10/05 v1.16 At begin shipout hook (HO)
Package: refcount 2011/10/16 v3.4 Data extraction from label references (HO)
Package: hycolor 2011/01/30 v1.7 Color options for hyperref/bookmark (HO)
)
(/usr/share/texlive/texmf-dist/tex/latex/oberdiek/auxhook.sty
Package: auxhook 2011/03/04 v1.3 Hooks for auxiliary files (HO)
)
(/usr/share/texlive/texmf-dist/tex/latex/oberdiek/kvoptions.sty
Package: kvoptions 2011/06/30 v3.11 Key value format for package options (HO)
)
\@linkdim=\dimen167
\Hy@linkcounter=\count164
\Hy@pagecounter=\count165

(/usr/share/texlive/texmf-dist/tex/latex/hyperref/pd1enc.def
File: pd1enc.def 2012/11/06 v6.83m Hyperref: PDFDocEncoding definition (HO)
)
\Hy@SavedSpaceFactor=\count166

(/usr/share/texlive/texmf-dist/tex/latex/latexconfig/hyperref.cfg
File: hyperref.cfg 2002/06/06 v1.2 hyperref configuration of TeXLive
)
Package hyperref Info: Option `linktocpage' set `true' on input line 4319.
Package hyperref Info: Hyper figures OFF on input line 4443.
Package hyperref Info: Link nesting OFF on input line 4448.
Package hyperref Info: Hyper index ON on input line 4451.
Package hyperref Info: Plain pages OFF on input line 4458.
Package hyperref Info: Backreferencing OFF on input line 4463.
Package hyperref Info: Implicit mode ON; LaTeX internals redefined.
Package hyperref Info: Bookmarks ON on input line 4688.
\c@Hy@tempcnt=\count167

(/usr/share/texlive/texmf-dist/tex/latex/url/url.sty
\Urlmuskip=\muskip11
Package: url 2013/09/16  ver 3.4  Verb mode for urls, etc.
)
LaTeX Info: Redefining \url on input line 5041.
\XeTeXLinkMargin=\dimen168
\Fld@menulength=\count168
\Field@Width=\dimen169
\Fld@charsize=\dimen170
Package hyperref Info: Hyper figures OFF on input line 6295.
Package hyperref Info: Link nesting OFF on input line 6300.
Package hyperref Info: Hyper index ON on input line 6303.
Package hyperref Info: backreferencing OFF on input line 6310.
Package hyperref Info: Link coloring OFF on input line 6315.
Package hyperref Info: Link coloring with OCG OFF on input line 6320.
Package hyperref Info: PDF/A mode OFF on input line 6325.
LaTeX Info: Redefining \ref on input line 6365.
LaTeX Info: Redefining \pageref on input line 6369.
\Hy@abspage=\count169
\c@Item=\count170
\c@Hfootnote=\count171
)
(/usr/share/texlive/texmf-dist/tex/latex/memoir/memhfixc.sty
Package: memhfixc 2013/05/30 v1.17 nameref/hyperref package fixes for memoir cl
ass
\c@memhycontfloat=\count172
\c@Hpagenote=\count173
)

Package hyperref Message: Driver (autodetected): hpdftex.

(/usr/share/texlive/texmf-dist/tex/latex/hyperref/hpdftex.def
File: hpdftex.def 2012/11/06 v6.83m Hyperref driver for pdfTeX
\Fld@listcount=\count174
\c@bookmark@seq@number=\count175

(/usr/share/texlive/texmf-dist/tex/latex/oberdiek/rerunfilecheck.sty
Package: rerunfilecheck 2011/04/15 v1.7 Rerun checks for auxiliary files (HO)
Package uniquecounter Info: New unique counter `rerunfilecheck' on input line 2
82.
)
\Hy@SectionHShift=\skip192
)
LaTeX Font Info:    Try loading font information for OT1+ptm on input line 31.

(/usr/share/texlive/texmf-dist/tex/latex/psnfss/ot1ptm.fd
File: ot1ptm.fd 2001/06/04 font definitions for OT1/ptm.
)
(build/template-report.aux

LaTeX Warning: Label `euclid' multiply defined.

)
\openout1 = `template-report.aux'.

LaTeX Font Info:    Checking defaults for OML/cmm/m/it on input line 90.
LaTeX Font Info:    ... okay on input line 90.
LaTeX Font Info:    Checking defaults for T1/cmr/m/n on input line 90.
LaTeX Font Info:    ... okay on input line 90.
LaTeX Font Info:    Checking defaults for OT1/cmr/m/n on input line 90.
LaTeX Font Info:    ... okay on input line 90.
LaTeX Font Info:    Checking defaults for OMS/cmsy/m/n on input line 90.
LaTeX Font Info:    ... okay on input line 90.
LaTeX Font Info:    Checking defaults for OMX/cmex/m/n on input line 90.
LaTeX Font Info:    ... okay on input line 90.
LaTeX Font Info:    Checking defaults for U/cmr/m/n on input line 90.
LaTeX Font Info:    ... okay on input line 90.
LaTeX Font Info:    Checking defaults for PD1/pdf/m/n on input line 90.
LaTeX Font Info:    ... okay on input line 90.

*geometry* driver: auto-detecting
*geometry* detected driver: pdftex
*geometry* verbose mode - [ preamble ] result:
* driver: pdftex
* paper: a4paper
* layout: <same size as paper>
* layoutoffset:(h,v)=(0.0pt,0.0pt)
* modes: includehead twoside 
* h-part:(L,W,R)=(71.70166pt, 418.25368pt, 107.55254pt)
* v-part:(T,H,B)=(81.12634pt, 642.23096pt, 121.68954pt)
* \paperwidth=597.50787pt
* \paperheight=845.04684pt
* \textwidth=452.9679pt
* \textheight=670.50687pt
* \oddsidemargin=0.0pt
* \evensidemargin=0.0pt
* \topmargin=0.0pt
* \headheight=0.0pt
* \headsep=0.0pt
* \topskip=12.0pt
* \footskip=30.0pt
* \marginparwidth=92.0pt
* \marginparsep=7.0pt
* \columnsep=10.0pt
* \skip\footins=12.0pt plus 4.0pt minus 4.0pt
* \hoffset=0.0pt
* \voffset=0.0pt
* \mag=1000
* \@twocolumnfalse
* \@twosidetrue
* \@mparswitchtrue
* \@reversemarginfalse
* (1in=72.27pt=25.4mm, 1cm=28.453pt)

(/usr/share/texlive/texmf-dist/tex/context/base/supp-pdf.mkii
[Loading MPS to PDF converter (version 2006.09.02).]
\scratchcounter=\count176
\scratchdimen=\dimen171
\scratchbox=\box33
\nofMPsegments=\count177
\nofMParguments=\count178
\everyMPshowfont=\toks34
\MPscratchCnt=\count179
\MPscratchDim=\dimen172
\MPnumerator=\count180
\makeMPintoPDFobject=\count181
\everyMPtoPDFconversion=\toks35
) (/usr/share/texlive/texmf-dist/tex/latex/oberdiek/epstopdf-base.sty
Package: epstopdf-base 2010/02/09 v2.5 Base part for package epstopdf

(/usr/share/texlive/texmf-dist/tex/latex/oberdiek/grfext.sty
Package: grfext 2010/08/19 v1.1 Manage graphics extensions (HO)
)
Package grfext Info: Graphics extension search list:
(grfext)             [.png,.pdf,.jpg,.mps,.jpeg,.jbig2,.jb2,.PNG,.PDF,.JPG,.JPE
G,.JBIG2,.JB2,.eps]
(grfext)             \AppendGraphicsExtensions on input line 452.

(/usr/share/texlive/texmf-dist/tex/latex/latexconfig/epstopdf-sys.cfg
File: epstopdf-sys.cfg 2010/07/13 v1.3 Configuration of (r)epstopdf for TeX Liv
e
))
\AtBeginShipoutBox=\box34
Package hyperref Info: Link coloring OFF on input line 90.

(/usr/share/texlive/texmf-dist/tex/latex/hyperref/nameref.sty
Package: nameref 2012/10/27 v2.43 Cross-referencing by name of section

(/usr/share/texlive/texmf-dist/tex/generic/oberdiek/gettitlestring.sty
Package: gettitlestring 2010/12/03 v1.4 Cleanup title references (HO)
)
\c@section@level=\count182
)
Redoing nameref's sectioning
Redoing nameref's label
LaTeX Info: Redefining \nameref on input line 90.
LaTeX Info: Redefining \ref on input line 90.
LaTeX Info: Redefining \pageref on input line 90.
LaTeX Info: Redefining \nameref on input line 90.
(build/template-report.out) (build/template-report.out)
\@outlinefile=\write4
\openout4 = `template-report.out'.


<logoINP.png, id=128, 190.7125pt x 120.45pt>
File: logoINP.png Graphic file (type png)
 <use logoINP.png>
Package pdftex.def Info: logoINP.png used on input line 95.
(pdftex.def)             Requested size: 119.70135pt x 75.59991pt.

<logoUJF.jpg, id=129, 372.39125pt x 88.33pt>
File: logoUJF.jpg Graphic file (type jpg)
 <use logoUJF.jpg>
Package pdftex.def Info: logoUJF.jpg used on input line 95.
(pdftex.def)             Requested size: 159.3637pt x 37.79996pt.
LaTeX Font Info:    Try loading font information for OT1+phv on input line 95.

(/usr/share/texlive/texmf-dist/tex/latex/psnfss/ot1phv.fd
File: ot1phv.fd 2001/06/04 scalable font definitions for OT1/phv.
)
LaTeX Font Info:    Font shape `OT1/phv/bx/n' in size <24.88> not available
(Font)              Font shape `OT1/phv/b/n' tried instead on input line 95.
LaTeX Font Info:    Font shape `OT1/phv/bx/n' in size <20.74> not available
(Font)              Font shape `OT1/phv/b/n' tried instead on input line 95.
LaTeX Font Info:    Font shape `OT1/ptm/bx/n' in size <14.4> not available
(Font)              Font shape `OT1/ptm/b/n' tried instead on input line 95.
 [1


{/var/lib/texmf/fonts/map/pdftex/updmap/pdftex.map} <./logoINP.png> <./logoUJF.
jpg>] [2

]
LaTeX Font Info:    Font shape `OT1/ptm/bx/n' in size <10.95> not available
(Font)              Font shape `OT1/ptm/b/n' tried instead on input line 102.


Class memoir Warning: The material used in the headers is too large
(14.49998pt) for the given head height (0.0pt), it is recommended to
either increase the head height or redesign the header
(in both cases you will find help in the memoir manual). on input line 122.


Overfull \vbox (14.49998pt too high) has occurred while \output is active []

pdfTeX warning (ext4): destination with the same identifier (name{page.i}) has 
been already used, duplicate ignored
<to be read again> 
                   \relax 
l.122 \cleardoublepage
                         % create an empty papge [1]pdfTeX warning (ext4): dest
ination with the same identifier (name{page.ii}) has been already used, duplica
te ignored
<to be read again> 
                   \relax 
l.122 \cleardoublepage
                         % create an empty papge [2

]
LaTeX Font Info:    Font shape `OT1/phv/bx/n' in size <12> not available
(Font)              Font shape `OT1/phv/b/n' tried instead on input line 124.
 (build/template-report.toc
LaTeX Font Info:    Font shape `OT1/ptm/bx/n' in size <12> not available
(Font)              Font shape `OT1/ptm/b/n' tried instead on input line 3.
LaTeX Font Info:    Try loading font information for OT1+ztmcm on input line 3.

(/usr/share/texlive/texmf-dist/tex/latex/psnfss/ot1ztmcm.fd
File: ot1ztmcm.fd 2000/01/03 Fontinst v1.801 font definitions for OT1/ztmcm.
)
LaTeX Font Info:    Try loading font information for OML+ztmcm on input line 3.


(/usr/share/texlive/texmf-dist/tex/latex/psnfss/omlztmcm.fd
File: omlztmcm.fd 2000/01/03 Fontinst v1.801 font definitions for OML/ztmcm.
)
LaTeX Font Info:    Try loading font information for OMS+ztmcm on input line 3.


(/usr/share/texlive/texmf-dist/tex/latex/psnfss/omsztmcm.fd
File: omsztmcm.fd 2000/01/03 Fontinst v1.801 font definitions for OMS/ztmcm.
)
LaTeX Font Info:    Try loading font information for OMX+ztmcm on input line 3.


(/usr/share/texlive/texmf-dist/tex/latex/psnfss/omxztmcm.fd
File: omxztmcm.fd 2000/01/03 Fontinst v1.801 font definitions for OMX/ztmcm.
)
LaTeX Font Info:    Font shape `OT1/ptm/bx/n' in size <9> not available
(Font)              Font shape `OT1/ptm/b/n' tried instead on input line 3.
LaTeX Font Info:    Font shape `OT1/ptm/bx/n' in size <7> not available
(Font)              Font shape `OT1/ptm/b/n' tried instead on input line 3.

Overfull \vbox (14.49998pt too high) has occurred while \output is active []


[3])
Overfull \vbox (14.49998pt too high) has occurred while \output is active []


[4]
Overfull \hbox (15.31232pt too wide) in paragraph at lines 135--136
[]\OT1/ptm/m/n/12 This re-port con-cerns about multi-parameter re-source se-lec
-tion in SLURM-RJMS[[]]. SLURM
 []


Overfull \vbox (14.49998pt too high) has occurred while \output is active []


[1


]
Overfull \vbox (14.49998pt too high) has occurred while \output is active []


[2] <image/RJMS-cropped.png, id=210, 882.29625pt x 338.26375pt>
File: image/RJMS-cropped.png Graphic file (type png)

<use image/RJMS-cropped.png>
Package pdftex.def Info: image/RJMS-cropped.png used on input line 154.
(pdftex.def)             Requested size: 369.88876pt x 141.81172pt.

<image/Schedule-Cycle.png, id=211, 963.6pt x 542.025pt>
File: image/Schedule-Cycle.png Graphic file (type png)

<use image/Schedule-Cycle.png>
Package pdftex.def Info: image/Schedule-Cycle.png used on input line 167.
(pdftex.def)             Requested size: 354.07097pt x 199.1649pt.
LaTeX Font Info:    Font shape `OT1/phv/bx/n' in size <17.28> not available
(Font)              Font shape `OT1/phv/b/n' tried instead on input line 176.

Overfull \vbox (14.49998pt too high) has occurred while \output is active []


[3

]
Overfull \vbox (14.49998pt too high) has occurred while \output is active []


[4 <./image/RJMS-cropped.png> <./image/Schedule-Cycle.png>]
LaTeX Font Info:    Try loading font information for OMS+ptm on input line 191.


(/usr/share/texlive/texmf-dist/tex/latex/psnfss/omsptm.fd
File: omsptm.fd 
)
LaTeX Font Info:    Font shape `OMS/ptm/m/n' in size <12> not available
(Font)              Font shape `OMS/cmsy/m/n' tried instead on input line 191.

Overfull \vbox (14.49998pt too high) has occurred while \output is active []


[5]
Overfull \vbox (14.49998pt too high) has occurred while \output is active []


[6]
Overfull \vbox (14.49998pt too high) has occurred while \output is active []


[7

] <image/SLURM-RJMS-Archi.png, id=265, 927.465pt x 577.15625pt>
File: image/SLURM-RJMS-Archi.png Graphic file (type png)

<use image/SLURM-RJMS-Archi.png>
Package pdftex.def Info: image/SLURM-RJMS-Archi.png used on input line 235.
(pdftex.def)             Requested size: 369.88972pt x 230.18028pt.

<image/SLURM-Entities-cropped.png, id=266, 882.29625pt x 439.6425pt>
File: image/SLURM-Entities-cropped.png Graphic file (type png)

<use image/SLURM-Entities-cropped.png>
Package pdftex.def Info: image/SLURM-Entities-cropped.png used on input line 24
6.
(pdftex.def)             Requested size: 284.52153pt x 141.77522pt.

Overfull \vbox (14.49998pt too high) has occurred while \output is active []


[8 <./image/SLURM-RJMS-Archi.png> <./image/SLURM-Entities-cropped.png>]
Underfull \hbox (badness 10000) in paragraph at lines 270--282
[][]
 []


Underfull \hbox (badness 10000) in paragraph at lines 295--296
[]|\OT1/ptm/b/n/12 squeue
 []


Underfull \hbox (badness 10000) in paragraph at lines 297--298
[]|\OT1/ptm/b/n/12 scancel
 []


Underfull \hbox (badness 10000) in paragraph at lines 299--300
[]|\OT1/ptm/b/n/12 scontrol
 []


Underfull \hbox (badness 10000) in paragraph at lines 290--306
[][]
 []

LaTeX Font Info:    Font shape `OT1/phv/bx/n' in size <14.4> not available
(Font)              Font shape `OT1/phv/b/n' tried instead on input line 310.
LaTeX Font Info:    Font shape `OT1/ptm/bx/n' in size <10> not available
(Font)              Font shape `OT1/ptm/b/n' tried instead on input line 313.
LaTeX Font Info:    Font shape `OT1/ptm/bx/n' in size <7.4> not available
(Font)              Font shape `OT1/ptm/b/n' tried instead on input line 313.
LaTeX Font Info:    Font shape `OT1/ptm/bx/n' in size <6> not available
(Font)              Font shape `OT1/ptm/b/n' tried instead on input line 313.

Overfull \vbox (14.49998pt too high) has occurred while \output is active []


[9]
Overfull \vbox (14.49998pt too high) has occurred while \output is active []


[10] <image/SLURM-scedule-loop-cropped.png, id=310, 518.93875pt x 499.8675pt>
File: image/SLURM-scedule-loop-cropped.png Graphic file (type png)

<use image/SLURM-scedule-loop-cropped.png>
Package pdftex.def Info: image/SLURM-scedule-loop-cropped.png used on input lin
e 359.
(pdftex.def)             Requested size: 212.76627pt x 204.94699pt.

Overfull \vbox (14.49998pt too high) has occurred while \output is active []


[11]
Overfull \vbox (14.49998pt too high) has occurred while \output is active []


[12 <./image/SLURM-scedule-loop-cropped.png>]
<image/SLURM-scedule-call-stack-crop.png, id=331, 840.13875pt x 498.86375pt>
File: image/SLURM-scedule-call-stack-crop.png Graphic file (type png)

<use image/SLURM-scedule-call-stack-crop.png>
Package pdftex.def Info: image/SLURM-scedule-call-stack-crop.png used on input 
line 375.
(pdftex.def)             Requested size: 420.06834pt x 249.43126pt.
LaTeX Font Info:    Font shape `OT1/ptm/bx/it' in size <12> not available
(Font)              Font shape `OT1/ptm/b/it' tried instead on input line 389.

Overfull \vbox (14.49998pt too high) has occurred while \output is active []


[13 <./image/SLURM-scedule-call-stack-crop.png (PNG copy)>]
Overfull \hbox (2.43994pt too wide) in paragraph at lines 401--402
\OT1/ptm/m/n/12 ent types of topol-ogy ar-chi-tec-ture in-for-ma-tion are man-a
ged in the topol-ogy(src/plugin/topology)
 []


Overfull \hbox (30.38794pt too wide) in paragraph at lines 401--402
\OT1/ptm/m/n/12 plu-g-ins. The ba-sic mech-a-nism for topol-ogy plu-gin man-age
-ment is de-fined in the file slurm[]topology.c.
 []


Overfull \vbox (14.49998pt too high) has occurred while \output is active []


[14]
Overfull \hbox (19.63249pt too wide) in paragraph at lines 405--407
[]\OT1/ptm/m/n/12 In the tree(src/plugin/topology/tree) topol-ogy plu-gin, swit
ch[]record[]table and switch[]record[]cnt
 []


Overfull \vbox (14.49998pt too high) has occurred while \output is active []


[15] <image/LAYOUT-Arch.png, id=362, 963.6pt x 542.025pt>
File: image/LAYOUT-Arch.png Graphic file (type png)

<use image/LAYOUT-Arch.png>
Package pdftex.def Info: image/LAYOUT-Arch.png used on input line 419.
(pdftex.def)             Requested size: 369.87704pt x 208.05583pt.

<image/entity-cropped.png, id=363, 795.97375pt x 429.605pt>
File: image/entity-cropped.png Graphic file (type png)

<use image/entity-cropped.png>
Package pdftex.def Info: image/entity-cropped.png used on input line 432.
(pdftex.def)             Requested size: 310.42851pt x 167.54527pt.

<image/LAY-Key-Relation.png, id=364, 963.6pt x 542.025pt>
File: image/LAY-Key-Relation.png Graphic file (type png)

<use image/LAY-Key-Relation.png>
Package pdftex.def Info: image/LAY-Key-Relation.png used on input line 446.
(pdftex.def)             Requested size: 369.87704pt x 208.05583pt.

Underfull \vbox (badness 3525) has occurred while \output is active []


Overfull \vbox (14.49998pt too high) has occurred while \output is active []


[16 <./image/LAYOUT-Arch.png> <./image/entity-cropped.png (PNG copy)>]
Underfull \hbox (badness 10000) in paragraph at lines 473--473
[]$\OT1/cmtt/m/n/10 https : / / github . com / SchedMD / slurm / commit / b3d2b
9326cf6f7fd3d9e900457024626854873de\$[]
 []


Underfull \hbox (badness 10000) in paragraph at lines 473--473
[]$\OT1/cmtt/m/n/10 https : / / github . com / SchedMD / slurm / commit / 616dd
7839689383fba25b3bd5729a8a2dc19fc5e\$[]
 []


Overfull \vbox (14.49998pt too high) has occurred while \output is active []


[17 <./image/LAY-Key-Relation.png>]
Overfull \vbox (14.49998pt too high) has occurred while \output is active []


[18]

pdfTeX warning: pdflatex (file ./image/cr-layouts-rs.pdf): PDF inclusion: found
 PDF version <1.7>, but at most version <1.5> allowed
<image/cr-layouts-rs.pdf, id=403, 963.6pt x 542.025pt>
File: image/cr-layouts-rs.pdf Graphic file (type pdf)

<use image/cr-layouts-rs.pdf>
Package pdftex.def Info: image/cr-layouts-rs.pdf used on input line 504.
(pdftex.def)             Requested size: 369.87704pt x 208.05583pt.

Underfull \vbox (badness 4072) has occurred while \output is active []


Overfull \vbox (14.49998pt too high) has occurred while \output is active []


[19

]
Overfull \vbox (14.49998pt too high) has occurred while \output is active []


[20 <./image/cr-layouts-rs.pdf>]
Overfull \vbox (14.49998pt too high) has occurred while \output is active []


[21]
Package hyperref Info: bookmark level for unknown algorithm defaults to 0 on in
put line 541.

Overfull \vbox (14.49998pt too high) has occurred while \output is active []


[22]
Overfull \hbox (21.86662pt too wide) in paragraph at lines 561--562
\OT1/ptm/m/n/12 After the re-source se-lec-tion was suc-ceed by re-turn-ing SLU
RM[]SUCCESS from the se-lect[]p[]job[]test
 []


Overfull \vbox (14.49998pt too high) has occurred while \output is active []


[23]
Overfull \hbox (17.16206pt too wide) in paragraph at lines 568--569
\OT1/ptm/m/n/12 up-dates by call-ing the sin-gle multi en-tity up-date func-tio
n called \OT1/ptm/b/n/12 lay-outs[]multi[]entity[]set[]kv\OT1/ptm/m/n/12 . 
 []


Overfull \vbox (14.49998pt too high) has occurred while \output is active []


[24]

pdfTeX warning: pdflatex (file ./image/ee-layouts-rs.pdf): PDF inclusion: found
 PDF version <1.7>, but at most version <1.5> allowed
<image/ee-layouts-rs.pdf, id=476, 963.6pt x 542.025pt>
File: image/ee-layouts-rs.pdf Graphic file (type pdf)

<use image/ee-layouts-rs.pdf>
Package pdftex.def Info: image/ee-layouts-rs.pdf used on input line 580.
(pdftex.def)             Requested size: 369.87704pt x 208.05583pt.

Overfull \vbox (14.49998pt too high) has occurred while \output is active []


[25 <./image/ee-layouts-rs.pdf>]
Overfull \vbox (14.49998pt too high) has occurred while \output is active []


[26]
Overfull \vbox (14.49998pt too high) has occurred while \output is active []


[27]
Overfull \vbox (14.49998pt too high) has occurred while \output is active []


[28]
Overfull \hbox (25.1655pt too wide) in paragraph at lines 639--640
[]\OT1/ptm/m/n/12 Multi-parameter re-source se-lec-tion is im-ple-mented us-ing
 the in-for-ma-tion of cons[]res[]partition,
 []


Overfull \vbox (14.49998pt too high) has occurred while \output is active []


[29] [30

]
Overfull \vbox (14.49998pt too high) has occurred while \output is active []


[31]
Package epstopdf Info: Source file: <image/analysis/cons_res_system_util.eps>
(epstopdf)                    date: 2015-08-17 01:32:40
(epstopdf)                    size: 93733 bytes
(epstopdf)             Output file: <image/analysis/cons_res_system_util-eps-co
nverted-to.pdf>
(epstopdf)                    date: 2015-08-17 03:22:22
(epstopdf)                    size: 16565 bytes
(epstopdf)             Command: <repstopdf --outfile=image/analysis/cons_res_sy
stem_util-eps-converted-to.pdf image/analysis/cons_res_system_util.eps>
(epstopdf)             \includegraphics on input line 662.
Package epstopdf Info: Output file is already uptodate.

<image/analysis/cons_res_system_util-eps-converted-to.pdf, id=552, 505.89pt x 7
22.7pt>
File: image/analysis/cons_res_system_util-eps-converted-to.pdf Graphic file (ty
pe pdf)
 <use image/analysis/cons_res_system_util-eps-converted-to.pdf>
Package pdftex.def Info: image/analysis/cons_res_system_util-eps-converted-to.p
df used on input line 662.
(pdftex.def)             Requested size: 199.17207pt x 284.53154pt.

Overfull \vbox (14.49998pt too high) has occurred while \output is active []


[32 <./image/analysis/cons_res_system_util-eps-converted-to.pdf>]
Package epstopdf Info: Source file: <image/analysis/cons_res_layout_system_util
.eps>
(epstopdf)                    date: 2015-07-31 18:08:37
(epstopdf)                    size: 94460 bytes
(epstopdf)             Output file: <image/analysis/cons_res_layout_system_util
-eps-converted-to.pdf>
(epstopdf)                    date: 2015-08-17 03:22:21
(epstopdf)                    size: 16840 bytes
(epstopdf)             Command: <repstopdf --outfile=image/analysis/cons_res_la
yout_system_util-eps-converted-to.pdf image/analysis/cons_res_layout_system_uti
l.eps>
(epstopdf)             \includegraphics on input line 680.
Package epstopdf Info: Output file is already uptodate.

<image/analysis/cons_res_layout_system_util-eps-converted-to.pdf, id=571, 505.8
9pt x 722.7pt>
File: image/analysis/cons_res_layout_system_util-eps-converted-to.pdf Graphic f
ile (type pdf)

<use image/analysis/cons_res_layout_system_util-eps-converted-to.pdf>
Package pdftex.def Info: image/analysis/cons_res_layout_system_util-eps-convert
ed-to.pdf used on input line 680.
(pdftex.def)             Requested size: 199.17207pt x 284.53154pt.

<image/analysis/CRLP_SU.pdf, id=572, 505.89pt x 722.7pt>
File: image/analysis/CRLP_SU.pdf Graphic file (type pdf)

<use image/analysis/CRLP_SU.pdf>
Package pdftex.def Info: image/analysis/CRLP_SU.pdf used on input line 693.
(pdftex.def)             Requested size: 199.17207pt x 284.53154pt.

<image/analysis/cdf-WT-CR-CRL.pdf, id=573, 578.16pt x 361.35pt>
File: image/analysis/cdf-WT-CR-CRL.pdf Graphic file (type pdf)

<use image/analysis/cdf-WT-CR-CRL.pdf>
Package pdftex.def Info: image/analysis/cdf-WT-CR-CRL.pdf used on input line 70
5.
(pdftex.def)             Requested size: 369.87997pt x 231.17499pt.

Overfull \vbox (14.49998pt too high) has occurred while \output is active []


[33 <./image/analysis/cons_res_layout_system_util-eps-converted-to.pdf> <./imag
e/analysis/CRLP_SU.pdf>]
Package epstopdf Info: Source file: <image/analysis/cr-crl-time-micro.eps>
(epstopdf)                    date: 2015-08-17 04:34:33
(epstopdf)                    size: 275184 bytes
(epstopdf)             Output file: <image/analysis/cr-crl-time-micro-eps-conve
rted-to.pdf>
(epstopdf)                    date: 2015-08-17 04:35:41
(epstopdf)                    size: 113995 bytes
(epstopdf)             Command: <repstopdf --outfile=image/analysis/cr-crl-time
-micro-eps-converted-to.pdf image/analysis/cr-crl-time-micro.eps>
(epstopdf)             \includegraphics on input line 730.
Package epstopdf Info: Output file is already uptodate.

<image/analysis/cr-crl-time-micro-eps-converted-to.pdf, id=592, 555.07375pt x 3
32.24126pt>
File: image/analysis/cr-crl-time-micro-eps-converted-to.pdf Graphic file (type 
pdf)
 <use image/analysis/cr-crl-time-micro-eps-converted-to.pdf>
Package pdftex.def Info: image/analysis/cr-crl-time-micro-eps-converted-to.pdf 
used on input line 730.
(pdftex.def)             Requested size: 369.89014pt x 221.39899pt.

Overfull \vbox (14.49998pt too high) has occurred while \output is active []


[34 <./image/analysis/cdf-WT-CR-CRL.pdf> <./image/analysis/cr-crl-time-micro-ep
s-converted-to.pdf>]
<image/analysis/cr_crl_31_ju.pdf, id=616, 1445.4pt x 722.7pt>
File: image/analysis/cr_crl_31_ju.pdf Graphic file (type pdf)

<use image/analysis/cr_crl_31_ju.pdf>
Package pdftex.def Info: image/analysis/cr_crl_31_ju.pdf used on input line 749
.
(pdftex.def)             Requested size: 433.62335pt x 216.81166pt.

<image/analysis/cr_31_ju.png, id=617, 1405.25pt x 1003.75pt>
File: image/analysis/cr_31_ju.png Graphic file (type png)

<use image/analysis/cr_31_ju.png>
Package pdftex.def Info: image/analysis/cr_31_ju.png used on input line 761.
(pdftex.def)             Requested size: 421.57826pt x 301.12732pt.

Underfull \vbox (badness 10000) has occurred while \output is active []


Overfull \vbox (14.49998pt too high) has occurred while \output is active []


[35 <./image/analysis/cr_crl_31_ju.pdf>]
<image/analysis/crl_pl_ju_31.png, id=638, 1405.25pt x 1003.75pt>
File: image/analysis/crl_pl_ju_31.png Graphic file (type png)

<use image/analysis/crl_pl_ju_31.png>
Package pdftex.def Info: image/analysis/crl_pl_ju_31.png used on input line 774
.
(pdftex.def)             Requested size: 421.57826pt x 301.12732pt.
Package epstopdf Info: Source file: <image/analysis/cr-crl-crlp-time-micro-2.ep
s>
(epstopdf)                    date: 2015-08-17 11:21:12
(epstopdf)                    size: 268922 bytes
(epstopdf)             Output file: <image/analysis/cr-crl-crlp-time-micro-2-ep
s-converted-to.pdf>
(epstopdf)                    date: 2015-08-17 11:21:53
(epstopdf)                    size: 99800 bytes
(epstopdf)             Command: <repstopdf --outfile=image/analysis/cr-crl-crlp
-time-micro-2-eps-converted-to.pdf image/analysis/cr-crl-crlp-time-micro-2.eps>

(epstopdf)             \includegraphics on input line 785.
Package epstopdf Info: Output file is already uptodate.

<image/analysis/cr-crl-crlp-time-micro-2-eps-converted-to.pdf, id=639, 565.1112
5pt x 353.32pt>
File: image/analysis/cr-crl-crlp-time-micro-2-eps-converted-to.pdf Graphic file
 (type pdf)

<use image/analysis/cr-crl-crlp-time-micro-2-eps-converted-to.pdf>
Package pdftex.def Info: image/analysis/cr-crl-crlp-time-micro-2-eps-converted-
to.pdf used on input line 785.
(pdftex.def)             Requested size: 369.8962pt x 231.26726pt.

Overfull \vbox (14.49998pt too high) has occurred while \output is active []


[36 <./image/analysis/cr_31_ju.png> <./image/analysis/crl_pl_ju_31.png>]
<image/analysis/cdf-WT-cr-crl-crlp-wt.pdf, id=646, 578.16pt x 361.35pt>
File: image/analysis/cdf-WT-cr-crl-crlp-wt.pdf Graphic file (type pdf)

<use image/analysis/cdf-WT-cr-crl-crlp-wt.pdf>
Package pdftex.def Info: image/analysis/cdf-WT-cr-crl-crlp-wt.pdf used on input
 line 798.
(pdftex.def)             Requested size: 369.87997pt x 231.17499pt.

Underfull \hbox (badness 2818) in paragraph at lines 801--801
[]\OT1/ptm/m/n/12 Figure 5.10: []Cumulative dis-tribu-tive func-tion for the co
ns[]res, cons[]res[]layout and
 []


Overfull \vbox (14.49998pt too high) has occurred while \output is active []


[37 <./image/analysis/cr-crl-crlp-time-micro-2-eps-converted-to.pdf> <./image/a
nalysis/cdf-WT-cr-crl-crlp-wt.pdf>] [38

]
Overfull \hbox (30.73534pt too wide) in paragraph at lines 825--826
\OT1/ptm/m/n/12 plu-gin, this sep-a-ra-tion en-hance the code main-te-nance. Ne
w re-source se-lec-tion plu-gin(cons[]res[]layout)
 []


Overfull \vbox (14.49998pt too high) has occurred while \output is active []


[39] (./template-report.bbl
Overfull \vbox (14.49998pt too high) has occurred while \output is active []


[40]
bibitemlist

Overfull \vbox (14.49998pt too high) has occurred while \output is active []


[41

])
Overfull \vbox (14.49998pt too high) has occurred while \output is active []


[42]
Underfull \vbox (badness 10000) has occurred while \output is active []


Overfull \vbox (14.49998pt too high) has occurred while \output is active []


[43

]
Overfull \vbox (14.49998pt too high) has occurred while \output is active []


[44]
Underfull \hbox (badness 10000) in paragraph at lines 919--921

 []


Overfull \vbox (14.49998pt too high) has occurred while \output is active []


[45

]
Underfull \vbox (badness 10000) has occurred while \output is active []


Overfull \vbox (14.49998pt too high) has occurred while \output is active []


[46]
Overfull \vbox (14.49998pt too high) has occurred while \output is active []


[47]
Overfull \vbox (14.49998pt too high) has occurred while \output is active []


[48]
Overfull \vbox (14.49998pt too high) has occurred while \output is active []


[49

]
Overfull \vbox (14.49998pt too high) has occurred while \output is active []


[50]
Overfull \vbox (14.49998pt too high) has occurred while \output is active []


[51] [52

]
<image/resource-selection-sequence.png, id=746, 883.3pt x 857.2025pt>
File: image/resource-selection-sequence.png Graphic file (type png)

<use image/resource-selection-sequence.png>
Package pdftex.def Info: image/resource-selection-sequence.png used on input li
ne 1140.
(pdftex.def)             Requested size: 441.64893pt x 428.6002pt.

<image/resource-selection-sequence-1.png, id=747, 965.6075pt x 1257.69875pt>
File: image/resource-selection-sequence-1.png Graphic file (type png)

<use image/resource-selection-sequence-1.png>
Package pdftex.def Info: image/resource-selection-sequence-1.png used on input 
line 1152.
(pdftex.def)             Requested size: 482.80257pt x 628.84784pt.

Overfull \hbox (29.83467pt too wide) in paragraph at lines 1152--1153
 [] 
 []


Underfull \vbox (badness 10000) has occurred while \output is active []


Overfull \vbox (14.49998pt too high) has occurred while \output is active []


[53]
Overfull \vbox (32.88919pt too high) has occurred while \output is active []


Overfull \vbox (14.49998pt too high) has occurred while \output is active []


[54 <./image/resource-selection-sequence.png>]
Overfull \vbox (49.23236pt too high) has occurred while \output is active []


Overfull \vbox (14.49998pt too high) has occurred while \output is active []


[55 <./image/resource-selection-sequence-1.png>]

Class memoir Warning: The material used in the headers is too large
(14.49998pt) for the given head height (0.0pt), it is recommended to
either increase the head height or redesign the header
(in both cases you will find help in the memoir manual). on input line 1165.

\tf@toc=\write5
\openout5 = `template-report.toc'.

Package atveryend Info: Empty hook `BeforeClearDocument' on input line 1165.
Package atveryend Info: Empty hook `AfterLastShipout' on input line 1165.
(build/template-report.aux)
Package atveryend Info: Executing hook `AtVeryEndDocument' on input line 1165.
Package atveryend Info: Executing hook `AtEndAfterFileList' on input line 1165.

Package rerunfilecheck Info: File `template-report.out' has not changed.
(rerunfilecheck)             Checksum: 04DF94D442DA225F5D13DE7AA8D91E92;2256.


LaTeX Warning: There were multiply-defined labels.

Package atveryend Info: Empty hook `AtVeryVeryEnd' on input line 1165.
 ) 
Here is how much of TeX's memory you used:
 11274 strings out of 494985
 161852 string characters out of 6180356
 298299 words of memory out of 5000000
 14095 multiletter control sequences out of 15000+600000
 56154 words of font info for 105 fonts, out of 8000000 for 9000
 36 hyphenation exceptions out of 8191
 32i,11n,32p,3023b,483s stack positions out of 5000i,500n,10000p,200000b,80000s
{/usr/share/texlive/texmf-dist/fonts/enc/dvips/base/8r.enc}</usr/share/texliv
e/texmf-dist/fonts/type1/public/amsfonts/cm/cmmi10.pfb></usr/share/texlive/texm
f-dist/fonts/type1/public/amsfonts/cm/cmr10.pfb></usr/share/texlive/texmf-dist/
fonts/type1/public/amsfonts/cm/cmsy10.pfb></usr/share/texlive/texmf-dist/fonts/
type1/public/amsfonts/cm/cmtt10.pfb></usr/share/texlive/texmf-dist/fonts/type1/
public/amsfonts/cm/cmtt12.pfb></usr/share/texlive/texmf-dist/fonts/type1/urw/he
lvetic/uhvb8a.pfb></usr/share/texlive/texmf-dist/fonts/type1/urw/times/utmb8a.p
fb></usr/share/texlive/texmf-dist/fonts/type1/urw/times/utmbi8a.pfb></usr/share
/texlive/texmf-dist/fonts/type1/urw/times/utmr8a.pfb></usr/share/texlive/texmf-
dist/fonts/type1/urw/times/utmri8a.pfb>
Output written on build/template-report.pdf (61 pages, 3361408 bytes).
PDF statistics:
 845 PDF objects out of 1000 (max. 8388607)
 711 compressed objects within 8 object streams
 206 named destinations out of 1000 (max. 500000)
 374 words of extra memory for PDF output out of 10000 (max. 10000000)

